  Determining projects to restore...
  Restored C:\Dev\Compze\src\Compze.Threading.Testing\Compze.Threading.Testing.csproj (in 767 ms).
  Restored C:\Dev\Compze\src\Compze.Teventive.TeventStore\Compze.Teventive.TeventStore.csproj (in 766 ms).
  Restored C:\Dev\Compze\src\Compze.xUnit\Compze.xUnit.csproj (in 553 ms).
  Restored C:\Dev\Compze\test\Compze.Contracts.Specifications\Compze.Contracts.Specifications.csproj (in 534 ms).
  Restored C:\Dev\Compze\src\Compze.Typermedia\Compze.Typermedia.csproj (in 778 ms).
  Restored C:\Dev\Compze\src\Compze.xUnitMatrix\Compze.xUnitMatrix.csproj (in 552 ms).
  Restored C:\Dev\Compze\src\msbuild\Solution.Build.csproj (in 557 ms).
  Restored C:\Dev\Compze\test\Compze.Typermedia.Specifications\Compze.Typermedia.Specifications.csproj (in 885 ms).
  Restored C:\Dev\Compze\test\Compze.Internals.Logging.Specifications\Compze.Internals.Logging.Specifications.csproj (in 813 ms).
  Restored C:\Dev\Compze\test\Compze.TypeIdentifiers.Specifications\Compze.TypeIdentifiers.Specifications.csproj (in 762 ms).
  Restored C:\Dev\Compze\src\Compze.Typermedia.Hosting\Compze.Typermedia.Hosting.csproj (in 774 ms).
  Restored C:\Dev\Compze\src\Compze.Tessaging.Sqlite\Compze.Tessaging.Sqlite.csproj (in 764 ms).
  Restored C:\Dev\Compze\src\Compze.Tessaging\Compze.Tessaging.csproj (in 766 ms).
  Restored C:\Dev\Compze\src\Compze.Teventive.TeventStore.MicrosoftSql\Compze.Teventive.TeventStore.MicrosoftSql.csproj (in 767 ms).
  Restored C:\Dev\Compze\src\Compze.Teventive.TeventStore.Typermedia\Compze.Teventive.TeventStore.Typermedia.csproj (in 766 ms).
  Restored C:\Dev\Compze\test\Compze.DependencyInjection.MsDiCompliance\Compze.DependencyInjection.MsDiCompliance.csproj (in 735 ms).
  Restored C:\Dev\Compze\src\Compze.Underscore\Compze.Underscore.csproj (in 6 ms).
  Restored C:\Dev\Compze\src\Compze.Unit\Compze.Unit.csproj (in 6 ms).
  Restored C:\Dev\Compze\src\Compze.xUnitBDD\Compze.xUnitBDD.csproj (in 7 ms).
  Restored C:\Dev\Compze\test\Compze.DependencyInjection.Specifications\Compze.DependencyInjection.Specifications.csproj (in 799 ms).
  Restored C:\Dev\Compze\samples\AccountManagement\src\AccountManagement.Server\AccountManagement.Server.csproj (in 891 ms).
  Restored C:\Dev\Compze\src\Compze.TypeIdentifiers.Interning\Compze.TypeIdentifiers.Interning.csproj (in 7 ms).
  Restored C:\Dev\Compze\src\Compze.Typermedia.Hosting.Testing\Compze.Typermedia.Hosting.Testing.csproj (in 787 ms).
  Restored C:\Dev\Compze\test\Compze.Threading.Tests\Compze.Threading.Tests.csproj (in 780 ms).
  Restored C:\Dev\Compze\test\Compze.Threading.Testing.Specifications\Compze.Threading.Testing.Specifications.csproj (in 778 ms).
  Restored C:\Dev\Compze\test\Compze.Tests.Infrastructure\Compze.Tests.Infrastructure.csproj (in 777 ms).
  Restored C:\Dev\Compze\src\Compze.Internals.Testing\Compze.Internals.Testing.csproj (in 46 ms).
  Restored C:\Dev\Compze\src\Compze.Tessaging.PostgreSql\Compze.Tessaging.PostgreSql.csproj (in 10 ms).
  Restored C:\Dev\Compze\test\Compze.Tests.ScratchPad\Compze.Tests.ScratchPad.csproj (in 903 ms).
  Restored C:\Dev\Compze\test\Compze.Typermedia.Client.Specifications\Compze.Typermedia.Client.Specifications.csproj (in 901 ms).
  Restored C:\Dev\Compze\src\Compze.Internals.Logging\Compze.Internals.Logging.csproj (in 44 ms).
  Restored C:\Dev\Compze\src\Compze.TypeIdentifiers.Interning.PostgreSql\Compze.TypeIdentifiers.Interning.PostgreSql.csproj (in 12 ms).
  Restored C:\Dev\Compze\test\Compze.DbPool.Tests\Compze.DbPool.Tests.csproj (in 755 ms).
  Restored C:\Dev\Compze\src\Compze.Internals.Transport\Compze.Internals.Transport.csproj (in 11 ms).
  Restored C:\Dev\Compze\test\Compze.Internals.Serialization.Newtonsoft.Specifications\Compze.Internals.Serialization.Newtonsoft.Specifications.csproj (in 853 ms).
  Restored C:\Dev\Compze\src\Compze.Teventive.TeventStore.Sqlite\Compze.Teventive.TeventStore.Sqlite.csproj (in 12 ms).
  Restored C:\Dev\Compze\src\Compze.Internals.Sql.MySql\Compze.Internals.Sql.MySql.csproj (in 49 ms).
  Restored C:\Dev\Compze\src\Compze.Teventive.TeventStore.MySql\Compze.Teventive.TeventStore.MySql.csproj (in 14 ms).
  Restored C:\Dev\Compze\src\Compze.TypeIdentifiers.Interning.Sqlite\Compze.TypeIdentifiers.Interning.Sqlite.csproj (in 66 ms).
  Restored C:\Dev\Compze\src\Compze.Teventive.TeventStore.PostgreSql\Compze.Teventive.TeventStore.PostgreSql.csproj (in 12 ms).
  Restored C:\Dev\Compze\src\Compze.Internals.Sql.Common\Compze.Internals.Sql.Common.csproj (in 55 ms).
  Restored C:\Dev\Compze\src\Compze.Internals.Transport.AspNet\Compze.Internals.Transport.AspNet.csproj (in 8 ms).
  Restored C:\Dev\Compze\test\Compze.Typermedia.Hosting.Specifications\Compze.Typermedia.Hosting.Specifications.csproj (in 903 ms).
  Restored C:\Dev\Compze\src\Compze.Internals.Serialization.Newtonsoft\Compze.Internals.Serialization.Newtonsoft.csproj (in 50 ms).
  Restored C:\Dev\Compze\src\Compze.Internals.Logging.Serilog\Compze.Internals.Logging.Serilog.csproj (in 7 ms).
  Restored C:\Dev\Compze\samples\AccountManagement\test\AccountManagement.Tests.Unit\AccountManagement.Tests.Unit.csproj (in 784 ms).
  Restored C:\Dev\Compze\src\Compze.Tessaging.MySql\Compze.Tessaging.MySql.csproj (in 64 ms).
  Restored C:\Dev\Compze\src\Compze.Internals.Sql.MicrosoftSql\Compze.Internals.Sql.MicrosoftSql.csproj (in 52 ms).
  Restored C:\Dev\Compze\src\Compze.DependencyInjection.Autofac\Compze.DependencyInjection.Autofac.csproj (in 5 ms).
  Restored C:\Dev\Compze\src\Compze.Contracts\Compze.Contracts.csproj (in 1 ms).
  Restored C:\Dev\Compze\src\Compze.Tessaging.MicrosoftSql\Compze.Tessaging.MicrosoftSql.csproj (in 65 ms).
  Restored C:\Dev\Compze\src\Compze.DocumentDb.PostgreSql\Compze.DocumentDb.PostgreSql.csproj (in 9 ms).
  Restored C:\Dev\Compze\src\Compze.DependencyInjection.Autofac.Extensions.Hosting\Compze.DependencyInjection.Autofac.Extensions.Hosting.csproj (in 8 ms).
  Restored C:\Dev\Compze\src\Compze.DbPool\Compze.DbPool.csproj (in 7 ms).
  Restored C:\Dev\Compze\src\Compze.DependencyInjection.Microsoft.Extensions.Hosting\Compze.DependencyInjection.Microsoft.Extensions.Hosting.csproj (in 13 ms).
  Restored C:\Dev\Compze\src\Compze.DocumentDb.Sqlite\Compze.DocumentDb.Sqlite.csproj (in 14 ms).
  Restored C:\Dev\Compze\src\Compze.DependencyInjection.LightInject\Compze.DependencyInjection.LightInject.csproj (in 16 ms).
  Restored C:\Dev\Compze\src\SolutionStructure\Solution.TODO.csproj (in 2 ms).
  Restored C:\Dev\Compze\test\Compze.xUnitBDD.Tests\Compze.xUnitBDD.Tests.csproj (in 6 ms).
  Restored C:\Dev\Compze\src\Compze.DependencyInjection.LightInject.Extensions.Hosting\Compze.DependencyInjection.LightInject.Extensions.Hosting.csproj (in 17 ms).
  Restored C:\Dev\Compze\src\Compze.Core\Compze.Core.csproj (in 8 ms).
  Restored C:\Dev\Compze\test\Compze.Tests.Integration\Compze.Tests.Integration.csproj (in 868 ms).
  Restored C:\Dev\Compze\test\Compze.Unit.Specifications\Compze.Unit.Specifications.csproj (in 7 ms).
  Restored C:\Dev\Compze\src\Compze.DocumentDb.MySql\Compze.DocumentDb.MySql.csproj (in 19 ms).
  Restored C:\Dev\Compze\test\Compze.Tests.Performance.Internals\Compze.Tests.Performance.Internals.csproj (in 879 ms).
  Restored C:\Dev\Compze\src\Compze.Threading\Compze.Threading.csproj (in 2 ms).
  Restored C:\Dev\Compze\src\Compze.DbPool.MicrosoftSql\Compze.DbPool.MicrosoftSql.csproj (in 22 ms).
  Restored C:\Dev\Compze\test\Compze.Tests.CodePolicies\Compze.Tests.CodePolicies.csproj (in 762 ms).
  Restored C:\Dev\Compze\src\Compze.TypeIdentifiers\Compze.TypeIdentifiers.csproj (in 4 ms).
  Restored C:\Dev\Compze\src\Compze.InterprocessObject\Compze.InterprocessObject.csproj (in 4 ms).
  Restored C:\Dev\Compze\src\Compze.Must\Compze.Must.csproj (in 5 ms).
  Restored C:\Dev\Compze\src\Websites\Website\Website.csproj (in 14 ms).
  Restored C:\Dev\Compze\test\Compze.Must.Specifications\Compze.Must.Specifications.csproj (in 14 ms).
  Restored C:\Dev\Compze\test\Compze.Tests.Common\Compze.Tests.Common.csproj (in 782 ms).
  Restored C:\Dev\Compze\src\Compze.Typermedia.Hosting.AspNetCore\Compze.Typermedia.Hosting.AspNetCore.csproj (in 11 ms).
  Restored C:\Dev\Compze\src\Compze.TypeIdentifiers.Interning.MySql\Compze.TypeIdentifiers.Interning.MySql.csproj (in 9 ms).
  Restored C:\Dev\Compze\src\Compze.InterprocessObject.MemoryPack\Compze.InterprocessObject.MemoryPack.csproj (in 5 ms).
  Restored C:\Dev\Compze\src\Compze.Internals.SystemCE\Compze.Internals.SystemCE.csproj (in 36 ms).
  Restored C:\Dev\Compze\src\Compze.Tessaging.Abstractions\Compze.Tessaging.Abstractions.csproj (in 44 ms).
  Restored C:\Dev\Compze\test\Compze.Underscore.Specifications\Compze.Underscore.Specifications.csproj (in 62 ms).
  Restored C:\Dev\Compze\test\Compze.xUnitMatrix.Tests\Compze.xUnitMatrix.Tests.csproj (in 65 ms).
  Restored C:\Dev\Compze\src\Compze.Internals.Sql.PostgreSql\Compze.Internals.Sql.PostgreSql.csproj (in 38 ms).
  Restored C:\Dev\Compze\src\Compze.Internals.Sql.Sqlite\Compze.Internals.Sql.Sqlite.csproj (in 39 ms).
  Restored C:\Dev\Compze\src\Compze.DependencyInjection.Extensions.Hosting\Compze.DependencyInjection.Extensions.Hosting.csproj (in 5 ms).
  Restored C:\Dev\Compze\src\Compze.DependencyInjection\Compze.DependencyInjection.csproj (in 7 ms).
  Restored C:\Dev\Compze\src\Compze.Typermedia.Client\Compze.Typermedia.Client.csproj (in 51 ms).
  Restored C:\Dev\Compze\src\Compze.DocumentDb\Compze.DocumentDb.csproj (in 9 ms).
  Restored C:\Dev\Compze\src\Compze.DependencyInjection.DryIoc.Extensions.Hosting\Compze.DependencyInjection.DryIoc.Extensions.Hosting.csproj (in 7 ms).
  Restored C:\Dev\Compze\src\Compze.Hosting\Compze.Hosting.csproj (in 49 ms).
  Restored C:\Dev\Compze\src\Compze.DependencyInjection.DryIoc\Compze.DependencyInjection.DryIoc.csproj (in 12 ms).
  Restored C:\Dev\Compze\DevScripts\Scripts.csproj (in 4 ms).
  Restored C:\Dev\Compze\src\Compze.TypeIdentifiers.Interning.MicrosoftSql\Compze.TypeIdentifiers.Interning.MicrosoftSql.csproj (in 50 ms).
  Restored C:\Dev\Compze\src\Compze.Tessaging.Hosting.AspNetCore\Compze.Tessaging.Hosting.AspNetCore.csproj (in 57 ms).
  Restored C:\Dev\Compze\src\Compze.DocumentDb.MicrosoftSql\Compze.DocumentDb.MicrosoftSql.csproj (in 16 ms).
  Restored C:\Dev\Compze\src\Compze.DbPool.PostgreSql\Compze.DbPool.PostgreSql.csproj (in 7 ms).
  Restored C:\Dev\Compze\src\Compze.Abstractions\Compze.Abstractions.csproj (in 13 ms).
  Restored C:\Dev\Compze\src\Compze.DbPool.MySql\Compze.DbPool.MySql.csproj (in 9 ms).
  Restored C:\Dev\Compze\src\Compze.DependencyInjection.Microsoft\Compze.DependencyInjection.Microsoft.csproj (in 21 ms).
  Restored C:\Dev\Compze\src\Compze.DbPool.Sqlite\Compze.DbPool.Sqlite.csproj (in 45 ms).
  Restored C:\Dev\Compze\samples\AccountManagement\src\AccountManagement.API\AccountManagement.API.csproj (in 9 ms).
  Restored C:\Dev\Compze\samples\AccountManagement\src\AccountManagement.Domain.Tevents\AccountManagement.Domain.Tevents.csproj (in 41 ms).
  Restored C:\Dev\Compze\src\Compze.Hosting.Testing\Compze.Hosting.Testing.csproj (in 26 ms).
  Restored C:\Dev\Compze\test\Compze.Internals.SystemCE.Tests\Compze.Internals.SystemCE.Tests.csproj (in 81 ms).
  Restored C:\Dev\Compze\test\Compze.Abstractions.Specifications\Compze.Abstractions.Specifications.csproj (in 81 ms).
  Restored C:\Dev\Compze\test\Compze.Threading.Specifications\Compze.Threading.Specifications.csproj (in 88 ms).
  Restored C:\Dev\Compze\test\Compze.Tests.Unit\Compze.Tests.Unit.csproj (in 89 ms).
  Restored C:\Dev\Compze\test\Compze.InterprocessObject.Specifications\Compze.InterprocessObject.Specifications.csproj (in 116 ms).
  Restored C:\Dev\Compze\test\Compze.Threading.InternalSpecifications\Compze.Threading.InternalSpecifications.csproj (in 123 ms).
  Restored C:\Dev\Compze\src\Compze.Tessaging.Hosting.Testing\Compze.Tessaging.Hosting.Testing.csproj (in 108 ms).
  Restored C:\Dev\Compze\samples\AccountManagement\src\AccountManagement.UI.MVC\AccountManagement.UI.MVC.csproj (in 75 ms).
  Restored C:\Dev\Compze\samples\AccountManagement\test\AccountManagement.Tests\AccountManagement.Tests.csproj (in 76 ms).
  Restored C:\Dev\Compze\samples\AccountManagement\test\AccountManagement.Tests.PerformanceInternals\AccountManagement.Tests.PerformanceInternals.csproj (in 80 ms).
  1 of 113 projects are up-to-date for restore.
  Compze.DependencyInjection.Extensions.Hosting -> C:\Dev\Compze\src\Compze.DependencyInjection.Extensions.Hosting\bin\Debug\net10.0\Compze.DependencyInjection.Extensions.Hosting.dll
  Compze.Contracts -> C:\Dev\Compze\src\Compze.Contracts\bin\Debug\netstandard2.0\Compze.Contracts.dll
  Compze.Unit -> C:\Dev\Compze\src\Compze.Unit\bin\Debug\netstandard2.0\Compze.Unit.dll
  Compze.xUnit -> C:\Dev\Compze\src\Compze.xUnit\bin\Debug\net10.0\Compze.xUnit.dll
  Scripts -> C:\Dev\Compze\DevScripts\bin\Debug\net10.0\Scripts.dll
  Solution.EditorConfigs -> C:\Dev\Compze\src\SolutionStructure\bin\Debug\net10.0\Solution.EditorConfigs.dll
  Solution.TODO -> C:\Dev\Compze\src\SolutionStructure\bin\Debug\net10.0\Solution.TODO.dll
  Solution.TestConfig -> C:\Dev\Compze\src\SolutionStructure\bin\Debug\net10.0\Solution.TestConfig.dll
  Website -> C:\Dev\Compze\src\Websites\Website\bin\Debug\net10.0\Website.dll
  Solution.README -> C:\Dev\Compze\src\SolutionStructure\bin\Debug\net10.0\Solution.README.dll
  Solution.Build -> C:\Dev\Compze\src\msbuild\bin\Debug\net10.0\Solution.Build.dll
  Compze.xUnitBDD -> C:\Dev\Compze\src\Compze.xUnitBDD\bin\Debug\net10.0\Compze.xUnitBDD.dll
  Compze.Underscore -> C:\Dev\Compze\src\Compze.Underscore\bin\Debug\netstandard2.0\Compze.Underscore.dll
  Compze.Threading -> C:\Dev\Compze\src\Compze.Threading\bin\Debug\net10.0\Compze.Threading.dll
  Compze.xUnitBDD.Tests -> C:\Dev\Compze\test\Compze.xUnitBDD.Tests\bin\Debug\net10.0\Compze.xUnitBDD.Tests.dll
  Compze.Internals.SystemCE -> C:\Dev\Compze\src\Compze.Internals.SystemCE\bin\Debug\net10.0\Compze.Internals.SystemCE.dll
  Compze.Must -> C:\Dev\Compze\src\Compze.Must\bin\Debug\net10.0\Compze.Must.dll
  Compze.Internals.Logging -> C:\Dev\Compze\src\Compze.Internals.Logging\bin\Debug\net10.0\Compze.Internals.Logging.dll
  Compze.TypeIdentifiers -> C:\Dev\Compze\src\Compze.TypeIdentifiers\bin\Debug\net10.0\Compze.TypeIdentifiers.dll
  Compze.InterprocessObject -> C:\Dev\Compze\src\Compze.InterprocessObject\bin\Debug\net10.0\Compze.InterprocessObject.dll
  Compze.Internals.Testing -> C:\Dev\Compze\src\Compze.Internals.Testing\bin\Debug\net10.0\Compze.Internals.Testing.dll
  Compze.DependencyInjection -> C:\Dev\Compze\src\Compze.DependencyInjection\bin\Debug\net10.0\Compze.DependencyInjection.dll
  Compze.TypeIdentifiers.Interning -> C:\Dev\Compze\src\Compze.TypeIdentifiers.Interning\bin\Debug\net10.0\Compze.TypeIdentifiers.Interning.dll
  Compze.InterprocessObject.MemoryPack -> C:\Dev\Compze\src\Compze.InterprocessObject.MemoryPack\bin\Debug\net10.0\Compze.InterprocessObject.MemoryPack.dll
  Compze.Threading.Testing -> C:\Dev\Compze\src\Compze.Threading.Testing\bin\Debug\net10.0\Compze.Threading.Testing.dll
  Compze.Unit.Specifications -> C:\Dev\Compze\test\Compze.Unit.Specifications\bin\Debug\net10.0\Compze.Unit.Specifications.dll
  Compze.Underscore.Specifications -> C:\Dev\Compze\test\Compze.Underscore.Specifications\bin\Debug\net10.0\Compze.Underscore.Specifications.dll
  Compze.xUnitMatrix -> C:\Dev\Compze\src\Compze.xUnitMatrix\bin\Debug\net10.0\Compze.xUnitMatrix.dll
  Compze.Abstractions -> C:\Dev\Compze\src\Compze.Abstractions\bin\Debug\net10.0\Compze.Abstractions.dll
  Compze.DependencyInjection.DryIoc -> C:\Dev\Compze\src\Compze.DependencyInjection.DryIoc\bin\Debug\net10.0\Compze.DependencyInjection.DryIoc.dll
  Compze.DependencyInjection.LightInject -> C:\Dev\Compze\src\Compze.DependencyInjection.LightInject\bin\Debug\net10.0\Compze.DependencyInjection.LightInject.dll
  Compze.DependencyInjection.Autofac -> C:\Dev\Compze\src\Compze.DependencyInjection.Autofac\bin\Debug\net10.0\Compze.DependencyInjection.Autofac.dll
  Compze.Internals.Logging.Serilog -> C:\Dev\Compze\src\Compze.Internals.Logging.Serilog\bin\Debug\net10.0\Compze.Internals.Logging.Serilog.dll
  Compze.Internals.Sql.Common -> C:\Dev\Compze\src\Compze.Internals.Sql.Common\bin\Debug\net10.0\Compze.Internals.Sql.Common.dll
  Compze.DependencyInjection.Microsoft -> C:\Dev\Compze\src\Compze.DependencyInjection.Microsoft\bin\Debug\net10.0\Compze.DependencyInjection.Microsoft.dll
  Compze.DbPool -> C:\Dev\Compze\src\Compze.DbPool\bin\Debug\net10.0\Compze.DbPool.dll
  Compze.Contracts.Specifications -> C:\Dev\Compze\test\Compze.Contracts.Specifications\bin\Debug\net10.0\Compze.Contracts.Specifications.dll
  Compze.DependencyInjection.LightInject.Extensions.Hosting -> C:\Dev\Compze\src\Compze.DependencyInjection.LightInject.Extensions.Hosting\bin\Debug\net10.0\Compze.DependencyInjection.LightInject.Extensions.Hosting.dll
  Compze.Internals.Sql.Sqlite -> C:\Dev\Compze\src\Compze.Internals.Sql.Sqlite\bin\Debug\net10.0\Compze.Internals.Sql.Sqlite.dll
  Compze.Internals.Sql.MySql -> C:\Dev\Compze\src\Compze.Internals.Sql.MySql\bin\Debug\net10.0\Compze.Internals.Sql.MySql.dll
  Compze.Internals.Sql.MicrosoftSql -> C:\Dev\Compze\src\Compze.Internals.Sql.MicrosoftSql\bin\Debug\net10.0\Compze.Internals.Sql.MicrosoftSql.dll
  Compze.Internals.Sql.PostgreSql -> C:\Dev\Compze\src\Compze.Internals.Sql.PostgreSql\bin\Debug\net10.0\Compze.Internals.Sql.PostgreSql.dll
  Compze.Tessaging.Abstractions -> C:\Dev\Compze\src\Compze.Tessaging.Abstractions\bin\Debug\net10.0\Compze.Tessaging.Abstractions.dll
  Compze.Typermedia -> C:\Dev\Compze\src\Compze.Typermedia\bin\Debug\net10.0\Compze.Typermedia.dll
  Compze.DependencyInjection.Microsoft.Extensions.Hosting -> C:\Dev\Compze\src\Compze.DependencyInjection.Microsoft.Extensions.Hosting\bin\Debug\net10.0\Compze.DependencyInjection.Microsoft.Extensions.Hosting.dll
  Compze.DependencyInjection.DryIoc.Extensions.Hosting -> C:\Dev\Compze\src\Compze.DependencyInjection.DryIoc.Extensions.Hosting\bin\Debug\net10.0\Compze.DependencyInjection.DryIoc.Extensions.Hosting.dll
  Compze.DocumentDb -> C:\Dev\Compze\src\Compze.DocumentDb\bin\Debug\net10.0\Compze.DocumentDb.dll
  Compze.Typermedia.Hosting -> C:\Dev\Compze\src\Compze.Typermedia.Hosting\bin\Debug\net10.0\Compze.Typermedia.Hosting.dll
  Compze.TypeIdentifiers.Interning.PostgreSql -> C:\Dev\Compze\src\Compze.TypeIdentifiers.Interning.PostgreSql\bin\Debug\net10.0\Compze.TypeIdentifiers.Interning.PostgreSql.dll
  Compze.xUnitMatrix.Tests -> C:\Dev\Compze\test\Compze.xUnitMatrix.Tests\bin\Debug\net10.0\Compze.xUnitMatrix.Tests.dll
  Compze.DependencyInjection.Autofac.Extensions.Hosting -> C:\Dev\Compze\src\Compze.DependencyInjection.Autofac.Extensions.Hosting\bin\Debug\net10.0\Compze.DependencyInjection.Autofac.Extensions.Hosting.dll
  Compze.TypeIdentifiers.Interning.MySql -> C:\Dev\Compze\src\Compze.TypeIdentifiers.Interning.MySql\bin\Debug\net10.0\Compze.TypeIdentifiers.Interning.MySql.dll
  Compze.DbPool.PostgreSql -> C:\Dev\Compze\src\Compze.DbPool.PostgreSql\bin\Debug\net10.0\Compze.DbPool.PostgreSql.dll
  Compze.DbPool.Sqlite -> C:\Dev\Compze\src\Compze.DbPool.Sqlite\bin\Debug\net10.0\Compze.DbPool.Sqlite.dll
  Compze.TypeIdentifiers.Interning.Sqlite -> C:\Dev\Compze\src\Compze.TypeIdentifiers.Interning.Sqlite\bin\Debug\net10.0\Compze.TypeIdentifiers.Interning.Sqlite.dll
  Compze.DbPool.MySql -> C:\Dev\Compze\src\Compze.DbPool.MySql\bin\Debug\net10.0\Compze.DbPool.MySql.dll
  Compze.Core -> C:\Dev\Compze\src\Compze.Core\bin\Debug\net10.0\Compze.Core.dll
  Compze.DbPool.MicrosoftSql -> C:\Dev\Compze\src\Compze.DbPool.MicrosoftSql\bin\Debug\net10.0\Compze.DbPool.MicrosoftSql.dll
  Compze.DocumentDb.Sqlite -> C:\Dev\Compze\src\Compze.DocumentDb.Sqlite\bin\Debug\net10.0\Compze.DocumentDb.Sqlite.dll
  Compze.TypeIdentifiers.Interning.MicrosoftSql -> C:\Dev\Compze\src\Compze.TypeIdentifiers.Interning.MicrosoftSql\bin\Debug\net10.0\Compze.TypeIdentifiers.Interning.MicrosoftSql.dll
  Compze.DocumentDb.PostgreSql -> C:\Dev\Compze\src\Compze.DocumentDb.PostgreSql\bin\Debug\net10.0\Compze.DocumentDb.PostgreSql.dll
  Compze.DocumentDb.MySql -> C:\Dev\Compze\src\Compze.DocumentDb.MySql\bin\Debug\net10.0\Compze.DocumentDb.MySql.dll
  Compze.DocumentDb.MicrosoftSql -> C:\Dev\Compze\src\Compze.DocumentDb.MicrosoftSql\bin\Debug\net10.0\Compze.DocumentDb.MicrosoftSql.dll
  Compze.Internals.Logging.Specifications -> C:\Dev\Compze\test\Compze.Internals.Logging.Specifications\bin\Debug\net10.0\Compze.Internals.Logging.Specifications.dll
  Compze.Tessaging.PostgreSql -> C:\Dev\Compze\src\Compze.Tessaging.PostgreSql\bin\Debug\net10.0\Compze.Tessaging.PostgreSql.dll
  Compze.Teventive.TeventStore.Sqlite -> C:\Dev\Compze\src\Compze.Teventive.TeventStore.Sqlite\bin\Debug\net10.0\Compze.Teventive.TeventStore.Sqlite.dll
  Compze.Teventive.TeventStore.PostgreSql -> C:\Dev\Compze\src\Compze.Teventive.TeventStore.PostgreSql\bin\Debug\net10.0\Compze.Teventive.TeventStore.PostgreSql.dll
  Compze.Tessaging.MicrosoftSql -> C:\Dev\Compze\src\Compze.Tessaging.MicrosoftSql\bin\Debug\net10.0\Compze.Tessaging.MicrosoftSql.dll
  Compze.Teventive.TeventStore.MicrosoftSql -> C:\Dev\Compze\src\Compze.Teventive.TeventStore.MicrosoftSql\bin\Debug\net10.0\Compze.Teventive.TeventStore.MicrosoftSql.dll
  Compze.Tessaging.MySql -> C:\Dev\Compze\src\Compze.Tessaging.MySql\bin\Debug\net10.0\Compze.Tessaging.MySql.dll
  Compze.Typermedia.Specifications -> C:\Dev\Compze\test\Compze.Typermedia.Specifications\bin\Debug\net10.0\Compze.Typermedia.Specifications.dll
  Compze.Teventive.TeventStore.MySql -> C:\Dev\Compze\src\Compze.Teventive.TeventStore.MySql\bin\Debug\net10.0\Compze.Teventive.TeventStore.MySql.dll
  Compze.Tessaging.Sqlite -> C:\Dev\Compze\src\Compze.Tessaging.Sqlite\bin\Debug\net10.0\Compze.Tessaging.Sqlite.dll
  Compze.TypeIdentifiers.Specifications -> C:\Dev\Compze\test\Compze.TypeIdentifiers.Specifications\bin\Debug\net10.0\Compze.TypeIdentifiers.Specifications.dll
  Compze.Internals.Serialization.Newtonsoft -> C:\Dev\Compze\src\Compze.Internals.Serialization.Newtonsoft\bin\Debug\net10.0\Compze.Internals.Serialization.Newtonsoft.dll
  Compze.Internals.Transport -> C:\Dev\Compze\src\Compze.Internals.Transport\bin\Debug\net10.0\Compze.Internals.Transport.dll
  Compze.Must.Specifications -> C:\Dev\Compze\test\Compze.Must.Specifications\bin\Debug\net10.0\Compze.Must.Specifications.dll
  Compze.Hosting -> C:\Dev\Compze\src\Compze.Hosting\bin\Debug\net10.0\Compze.Hosting.dll
  Compze.DependencyInjection.MsDiCompliance -> C:\Dev\Compze\test\Compze.DependencyInjection.MsDiCompliance\bin\Debug\net10.0\Compze.DependencyInjection.MsDiCompliance.dll
  Compze.Typermedia.Client -> C:\Dev\Compze\src\Compze.Typermedia.Client\bin\Debug\net10.0\Compze.Typermedia.Client.dll
  Compze.Tessaging -> C:\Dev\Compze\src\Compze.Tessaging\bin\Debug\net10.0\Compze.Tessaging.dll
  Compze.Internals.Transport.AspNet -> C:\Dev\Compze\src\Compze.Internals.Transport.AspNet\bin\Debug\net10.0\Compze.Internals.Transport.AspNet.dll
  Compze.DependencyInjection.Specifications -> C:\Dev\Compze\test\Compze.DependencyInjection.Specifications\bin\Debug\net10.0\Compze.DependencyInjection.Specifications.dll
  AccountManagement.API -> C:\Dev\Compze\samples\AccountManagement\src\AccountManagement.API\bin\Debug\net10.0\AccountManagement.API.dll
  Compze.Teventive.TeventStore -> C:\Dev\Compze\src\Compze.Teventive.TeventStore\bin\Debug\net10.0\Compze.Teventive.TeventStore.dll
  Compze.Typermedia.Hosting.AspNetCore -> C:\Dev\Compze\src\Compze.Typermedia.Hosting.AspNetCore\bin\Debug\net10.0\Compze.Typermedia.Hosting.AspNetCore.dll
  Compze.Tessaging.Hosting.AspNetCore -> C:\Dev\Compze\src\Compze.Tessaging.Hosting.AspNetCore\bin\Debug\net10.0\Compze.Tessaging.Hosting.AspNetCore.dll
  AccountManagement.Domain.Tevents -> C:\Dev\Compze\samples\AccountManagement\src\AccountManagement.Domain.Tevents\bin\Debug\net10.0\AccountManagement.Domain.Tevents.dll
  Compze.Teventive.TeventStore.Typermedia -> C:\Dev\Compze\src\Compze.Teventive.TeventStore.Typermedia\bin\Debug\net10.0\Compze.Teventive.TeventStore.Typermedia.dll
  Compze.Hosting.Testing -> C:\Dev\Compze\src\Compze.Hosting.Testing\bin\Debug\net10.0\Compze.Hosting.Testing.dll
  AccountManagement.Server -> C:\Dev\Compze\samples\AccountManagement\src\AccountManagement.Server\bin\Debug\net10.0\AccountManagement.Server.dll
  Compze.Typermedia.Hosting.Testing -> C:\Dev\Compze\src\Compze.Typermedia.Hosting.Testing\bin\Debug\net10.0\Compze.Typermedia.Hosting.Testing.dll
  Compze.Tessaging.Hosting.Testing -> C:\Dev\Compze\src\Compze.Tessaging.Hosting.Testing\bin\Debug\net10.0\Compze.Tessaging.Hosting.Testing.dll
  Compze.Tests.Infrastructure -> C:\Dev\Compze\test\Compze.Tests.Infrastructure\bin\Debug\net10.0\Compze.Tests.Infrastructure.dll
  Compze.Internals.Serialization.Newtonsoft.Specifications -> C:\Dev\Compze\test\Compze.Internals.Serialization.Newtonsoft.Specifications\bin\Debug\net10.0\Compze.Internals.Serialization.Newtonsoft.Specifications.dll
  Compze.Threading.Tests -> C:\Dev\Compze\test\Compze.Threading.Tests\bin\Debug\net10.0\Compze.Threading.Tests.dll
  Compze.InterprocessObject.Specifications -> C:\Dev\Compze\test\Compze.InterprocessObject.Specifications\bin\Debug\net10.0\Compze.InterprocessObject.Specifications.dll
  Compze.Abstractions.Specifications -> C:\Dev\Compze\test\Compze.Abstractions.Specifications\bin\Debug\net10.0\Compze.Abstractions.Specifications.dll
  Compze.Threading.InternalSpecifications -> C:\Dev\Compze\test\Compze.Threading.InternalSpecifications\bin\Debug\net10.0\Compze.Threading.InternalSpecifications.dll
  Compze.Threading.Specifications -> C:\Dev\Compze\test\Compze.Threading.Specifications\bin\Debug\net10.0\Compze.Threading.Specifications.dll
  Compze.Internals.SystemCE.Tests -> C:\Dev\Compze\test\Compze.Internals.SystemCE.Tests\bin\Debug\net10.0\Compze.Internals.SystemCE.Tests.dll
  Compze.Tests.ScratchPad -> C:\Dev\Compze\test\Compze.Tests.ScratchPad\bin\Debug\net10.0\Compze.Tests.ScratchPad.dll
  Compze.Typermedia.Client.Specifications -> C:\Dev\Compze\test\Compze.Typermedia.Client.Specifications\bin\Debug\net10.0\Compze.Typermedia.Client.Specifications.dll
  Compze.DbPool.Tests -> C:\Dev\Compze\test\Compze.DbPool.Tests\bin\Debug\net10.0\Compze.DbPool.Tests.dll
  Compze.Typermedia.Hosting.Specifications -> C:\Dev\Compze\test\Compze.Typermedia.Hosting.Specifications\bin\Debug\net10.0\Compze.Typermedia.Hosting.Specifications.dll
  Compze.Threading.Testing.Specifications -> C:\Dev\Compze\test\Compze.Threading.Testing.Specifications\bin\Debug\net10.0\Compze.Threading.Testing.Specifications.dll
  Compze.Tests.Unit -> C:\Dev\Compze\test\Compze.Tests.Unit\bin\Debug\net10.0\Compze.Tests.Unit.dll
  AccountManagement.Tests.Unit -> C:\Dev\Compze\samples\AccountManagement\test\AccountManagement.Tests.Unit\bin\Debug\net10.0\AccountManagement.Tests.Unit.dll
  Compze.Tests.Common -> C:\Dev\Compze\test\Compze.Tests.Common\bin\Debug\net10.0\Compze.Tests.Common.dll
  AccountManagement.Tests -> C:\Dev\Compze\samples\AccountManagement\test\AccountManagement.Tests\bin\Debug\net10.0\AccountManagement.Tests.dll
  AccountManagement.UI.MVC -> C:\Dev\Compze\samples\AccountManagement\src\AccountManagement.UI.MVC\bin\Debug\net10.0\AccountManagement.UI.MVC.dll
  Compze.Tests.Integration -> C:\Dev\Compze\test\Compze.Tests.Integration\bin\Debug\net10.0\Compze.Tests.Integration.dll
  AccountManagement.Tests.PerformanceInternals -> C:\Dev\Compze\samples\AccountManagement\test\AccountManagement.Tests.PerformanceInternals\bin\Debug\net10.0\AccountManagement.Tests.PerformanceInternals.dll
  Compze.Tests.CodePolicies -> C:\Dev\Compze\test\Compze.Tests.CodePolicies\bin\Debug\net10.0\Compze.Tests.CodePolicies.dll
  Compze.Tests.Performance.Internals -> C:\Dev\Compze\test\Compze.Tests.Performance.Internals\bin\Debug\net10.0\Compze.Tests.Performance.Internals.dll

Build succeeded.
    0 Warning(s)
    0 Error(s)

Time Elapsed 00:00:12.06
